{"contracts/Leadership.sol":{"l":{"19":32,"20":32,"24":9,"25":8,"26":6,"34":18,"35":18,"36":18,"38":0,"40":18,"41":18,"45":1,"46":5,"47":5,"52":2,"53":2,"54":2,"55":1,"56":1,"57":1,"59":1,"64":2,"65":2,"66":0,"68":2,"69":2,"70":2,"71":2,"73":2,"74":2,"78":2,"82":4,"86":2,"90":2,"94":4,"98":2,"104":1},"path":"/home/pieter/bscinf/y3/bproject/docker/blockhain-trading-platform/contracts/Leadership.sol","s":{"1":32,"2":32,"3":9,"4":8,"5":18,"6":18,"7":18,"8":0,"9":1,"10":5,"11":2,"12":2,"13":1,"14":1,"15":1,"16":1,"17":2,"18":2,"19":2,"20":2,"21":2,"22":2,"23":2,"24":2,"25":2,"26":4,"27":2,"28":2,"29":4,"30":2,"31":1},"b":{"1":[8,1],"2":[6,2],"3":[18,0],"4":[1,1],"5":[2,0]},"f":{"1":32,"2":9,"3":18,"4":1,"5":2,"6":2,"7":2,"8":4,"9":2,"10":2,"11":4,"12":2,"13":1},"fnMap":{"1":{"name":"constructor","line":18,"loc":{"start":{"line":18,"column":4},"end":{"line":18,"column":23}}},"2":{"name":"inRange","line":23,"loc":{"start":{"line":23,"column":4},"end":{"line":23,"column":32}}},"3":{"name":"issueTicket","line":33,"loc":{"start":{"line":33,"column":4},"end":{"line":33,"column":46}}},"4":{"name":"issueTickets","line":44,"loc":{"start":{"line":44,"column":4},"end":{"line":44,"column":60}}},"5":{"name":"removeTicket","line":51,"loc":{"start":{"line":51,"column":61},"end":{"line":51,"column":3}}},"6":{"name":"draw","line":63,"loc":{"start":{"line":63,"column":4},"end":{"line":63,"column":25}}},"7":{"name":"random","line":77,"loc":{"start":{"line":77,"column":4},"end":{"line":77,"column":48}}},"8":{"name":"getTicket","line":81,"loc":{"start":{"line":81,"column":58},"end":{"line":81,"column":33}}},"9":{"name":"getTickets","line":85,"loc":{"start":{"line":85,"column":4},"end":{"line":85,"column":63}}},"10":{"name":"getTraderTicketAmount","line":89,"loc":{"start":{"line":89,"column":4},"end":{"line":89,"column":76}}},"11":{"name":"getMin","line":93,"loc":{"start":{"line":93,"column":4},"end":{"line":93,"column":47}}},"12":{"name":"getMax","line":97,"loc":{"start":{"line":97,"column":4},"end":{"line":97,"column":47}}},"13":{"name":"getCurrentLeader","line":103,"loc":{"start":{"line":103,"column":4},"end":{"line":103,"column":59}}}},"statementMap":{"1":{"start":{"line":19,"column":8},"end":{"line":19,"column":14}},"2":{"start":{"line":20,"column":8},"end":{"line":20,"column":14}},"3":{"start":{"line":24,"column":8},"end":{"line":24,"column":67}},"4":{"start":{"line":25,"column":8},"end":{"line":25,"column":67}},"5":{"start":{"line":34,"column":8},"end":{"line":34,"column":23}},"6":{"start":{"line":35,"column":8},"end":{"line":35,"column":1157}},"7":{"start":{"line":36,"column":12},"end":{"line":36,"column":31}},"8":{"start":{"line":38,"column":12},"end":{"line":38,"column":33}},"9":{"start":{"line":45,"column":8},"end":{"line":45,"column":1417}},"10":{"start":{"line":46,"column":12},"end":{"line":46,"column":30}},"11":{"start":{"line":53,"column":8},"end":{"line":53,"column":35}},"12":{"start":{"line":54,"column":8},"end":{"line":54,"column":1668}},"13":{"start":{"line":55,"column":12},"end":{"line":55,"column":26}},"14":{"start":{"line":56,"column":12},"end":{"line":56,"column":1733}},"15":{"start":{"line":57,"column":16},"end":{"line":57,"column":28}},"16":{"start":{"line":59,"column":12},"end":{"line":59,"column":20}},"17":{"start":{"line":64,"column":8},"end":{"line":64,"column":28}},"18":{"start":{"line":65,"column":8},"end":{"line":65,"column":1943}},"19":{"start":{"line":68,"column":8},"end":{"line":68,"column":38}},"20":{"start":{"line":69,"column":8},"end":{"line":69,"column":25}},"21":{"start":{"line":70,"column":8},"end":{"line":70,"column":2087}},"22":{"start":{"line":71,"column":12},"end":{"line":71,"column":30}},"23":{"start":{"line":73,"column":8},"end":{"line":73,"column":29}},"24":{"start":{"line":74,"column":8},"end":{"line":74,"column":81}},"25":{"start":{"line":78,"column":8},"end":{"line":78,"column":105}},"26":{"start":{"line":82,"column":8},"end":{"line":82,"column":30}},"27":{"start":{"line":86,"column":8},"end":{"line":86,"column":22}},"28":{"start":{"line":90,"column":8},"end":{"line":90,"column":41}},"29":{"start":{"line":94,"column":8},"end":{"line":94,"column":18}},"30":{"start":{"line":98,"column":8},"end":{"line":98,"column":18}},"31":{"start":{"line":104,"column":8},"end":{"line":104,"column":28}}},"branchMap":{"1":{"line":24,"type":"if","locations":[{"start":{"line":24,"column":8},"end":{"line":24,"column":8}},{"start":{"line":24,"column":8},"end":{"line":24,"column":8}}]},"2":{"line":25,"type":"if","locations":[{"start":{"line":25,"column":8},"end":{"line":25,"column":8}},{"start":{"line":25,"column":8},"end":{"line":25,"column":8}}]},"3":{"line":35,"type":"if","locations":[{"start":{"line":35,"column":8},"end":{"line":35,"column":8}},{"start":{"line":35,"column":8},"end":{"line":35,"column":8}}]},"4":{"line":54,"type":"if","locations":[{"start":{"line":54,"column":8},"end":{"line":54,"column":8}},{"start":{"line":54,"column":8},"end":{"line":54,"column":8}}]},"5":{"line":70,"type":"if","locations":[{"start":{"line":70,"column":8},"end":{"line":70,"column":8}},{"start":{"line":70,"column":8},"end":{"line":70,"column":8}}]}}},"contracts/Marketplace.sol":{"l":{"39":9,"40":9,"41":9,"48":11,"49":11,"51":0,"53":11,"54":11,"61":11,"62":11,"64":0,"66":11,"67":11,"74":1,"75":5,"83":1,"84":5,"91":2,"97":2,"103":5,"104":5,"110":5,"111":5},"path":"/home/pieter/bscinf/y3/bproject/docker/blockhain-trading-platform/contracts/Marketplace.sol","s":{"1":9,"2":9,"3":9,"4":11,"5":11,"6":0,"7":11,"8":11,"9":11,"10":0,"11":11,"12":1,"13":5,"14":1,"15":5,"16":2,"17":2,"18":5,"19":5,"20":5,"21":5},"b":{"1":[11,0],"2":[11,0],"3":[5,0],"4":[5,0]},"f":{"1":9,"2":9,"3":11,"4":11,"5":1,"6":1,"7":2,"8":2,"9":5,"10":5},"fnMap":{"1":{"name":"constructor","line":35,"loc":{"start":{"line":35,"column":48},"end":{"line":36,"column":5}}},"2":{"name":"initialize","line":38,"loc":{"start":{"line":38,"column":4},"end":{"line":38,"column":48}}},"3":{"name":"publishOffer","line":47,"loc":{"start":{"line":47,"column":117},"end":{"line":47,"column":3}}},"4":{"name":"publishDemand","line":60,"loc":{"start":{"line":60,"column":118},"end":{"line":60,"column":3}}},"5":{"name":"publishOffers","line":73,"loc":{"start":{"line":73,"column":121},"end":{"line":73,"column":3}}},"6":{"name":"publishDemands","line":82,"loc":{"start":{"line":82,"column":122},"end":{"line":82,"column":3}}},"7":{"name":"getCurrentOffersAmount","line":90,"loc":{"start":{"line":90,"column":76},"end":{"line":90,"column":17}}},"8":{"name":"getCurrentDemandsAmount","line":96,"loc":{"start":{"line":96,"column":77},"end":{"line":96,"column":17}}},"9":{"name":"getOffer","line":102,"loc":{"start":{"line":102,"column":69},"end":{"line":102,"column":39}}},"10":{"name":"getDemand","line":109,"loc":{"start":{"line":109,"column":70},"end":{"line":109,"column":39}}}},"statementMap":{"1":{"start":{"line":39,"column":8},"end":{"line":39,"column":37}},"2":{"start":{"line":40,"column":8},"end":{"line":40,"column":56}},"3":{"start":{"line":41,"column":8},"end":{"line":41,"column":47}},"4":{"start":{"line":48,"column":8},"end":{"line":48,"column":2036}},"5":{"start":{"line":49,"column":12},"end":{"line":49,"column":38}},"6":{"start":{"line":51,"column":12},"end":{"line":51,"column":57}},"7":{"start":{"line":53,"column":8},"end":{"line":53,"column":44}},"8":{"start":{"line":61,"column":8},"end":{"line":61,"column":2666}},"9":{"start":{"line":62,"column":12},"end":{"line":62,"column":39}},"10":{"start":{"line":64,"column":12},"end":{"line":64,"column":59}},"11":{"start":{"line":66,"column":8},"end":{"line":66,"column":46}},"12":{"start":{"line":74,"column":8},"end":{"line":74,"column":3368}},"13":{"start":{"line":75,"column":12},"end":{"line":75,"column":42}},"14":{"start":{"line":83,"column":8},"end":{"line":83,"column":3919}},"15":{"start":{"line":84,"column":12},"end":{"line":84,"column":43}},"16":{"start":{"line":91,"column":8},"end":{"line":91,"column":36}},"17":{"start":{"line":97,"column":8},"end":{"line":97,"column":37}},"18":{"start":{"line":103,"column":8},"end":{"line":103,"column":80}},"19":{"start":{"line":104,"column":8},"end":{"line":104,"column":26}},"20":{"start":{"line":110,"column":8},"end":{"line":110,"column":81}},"21":{"start":{"line":111,"column":8},"end":{"line":111,"column":27}}},"branchMap":{"1":{"line":48,"type":"if","locations":[{"start":{"line":48,"column":8},"end":{"line":48,"column":8}},{"start":{"line":48,"column":8},"end":{"line":48,"column":8}}]},"2":{"line":61,"type":"if","locations":[{"start":{"line":61,"column":8},"end":{"line":61,"column":8}},{"start":{"line":61,"column":8},"end":{"line":61,"column":8}}]},"3":{"line":103,"type":"if","locations":[{"start":{"line":103,"column":8},"end":{"line":103,"column":8}},{"start":{"line":103,"column":8},"end":{"line":103,"column":8}}]},"4":{"line":110,"type":"if","locations":[{"start":{"line":110,"column":8},"end":{"line":110,"column":8}},{"start":{"line":110,"column":8},"end":{"line":110,"column":8}}]}}},"contracts/Matches.sol":{"l":{"49":6,"50":6,"51":6,"52":6,"70":6,"71":6,"82":6,"84":0,"85":0,"86":0,"87":0,"88":0,"89":0,"90":0,"91":0,"92":0,"94":6,"95":6,"101":14,"102":14,"109":1,"115":5,"116":3,"117":3,"118":1,"125":5,"126":3,"127":3,"128":2,"135":3,"136":3,"137":3,"138":3,"139":3,"147":3},"path":"/home/pieter/bscinf/y3/bproject/docker/blockhain-trading-platform/contracts/Matches.sol","s":{"1":6,"2":6,"3":6,"4":6,"5":6,"6":6,"7":6,"8":0,"9":0,"10":0,"11":0,"12":0,"13":0,"14":0,"15":0,"16":0,"17":6,"18":14,"19":1,"20":5,"21":3,"22":3,"23":1,"24":5,"25":3,"26":3,"27":2,"28":3,"29":3,"30":3,"31":3,"32":3,"33":3},"b":{"1":[6,0],"2":[14,0],"3":[3,2],"4":[1,2],"5":[3,2],"6":[2,1],"7":[3,0],"8":[3,0],"9":[3,0]},"f":{"1":6,"2":6,"3":6,"4":14,"5":1,"6":5,"7":5,"8":3},"fnMap":{"1":{"name":"constructor","line":45,"loc":{"start":{"line":45,"column":48},"end":{"line":46,"column":5}}},"2":{"name":"initialize","line":48,"loc":{"start":{"line":48,"column":4},"end":{"line":48,"column":48}}},"3":{"name":"publish","line":69,"loc":{"start":{"line":69,"column":100},"end":{"line":69,"column":3}}},"4":{"name":"MustBeInRange","line":100,"loc":{"start":{"line":100,"column":4},"end":{"line":100,"column":36}}},"5":{"name":"get","line":108,"loc":{"start":{"line":108,"column":88},"end":{"line":108,"column":26}}},"6":{"name":"acceptOffer","line":114,"loc":{"start":{"line":114,"column":121},"end":{"line":114,"column":3}}},"7":{"name":"acceptDemand","line":124,"loc":{"start":{"line":124,"column":122},"end":{"line":124,"column":3}}},"8":{"name":"createTradeAgreement","line":134,"loc":{"start":{"line":134,"column":73},"end":{"line":134,"column":3}}}},"statementMap":{"1":{"start":{"line":49,"column":8},"end":{"line":49,"column":37}},"2":{"start":{"line":50,"column":8},"end":{"line":50,"column":71}},"3":{"start":{"line":51,"column":8},"end":{"line":51,"column":47}},"4":{"start":{"line":52,"column":8},"end":{"line":52,"column":56}},"5":{"start":{"line":70,"column":8},"end":{"line":70,"column":2755}},"6":{"start":{"line":71,"column":12},"end":{"line":71,"column":2822}},"7":{"start":{"line":82,"column":12},"end":{"line":82,"column":27}},"8":{"start":{"line":84,"column":12},"end":{"line":84,"column":68}},"9":{"start":{"line":85,"column":12},"end":{"line":85,"column":66}},"10":{"start":{"line":86,"column":12},"end":{"line":86,"column":70}},"11":{"start":{"line":87,"column":12},"end":{"line":87,"column":70}},"12":{"start":{"line":88,"column":12},"end":{"line":88,"column":68}},"13":{"start":{"line":89,"column":12},"end":{"line":89,"column":71}},"14":{"start":{"line":90,"column":12},"end":{"line":90,"column":60}},"15":{"start":{"line":91,"column":12},"end":{"line":91,"column":65}},"16":{"start":{"line":92,"column":12},"end":{"line":92,"column":68}},"17":{"start":{"line":94,"column":8},"end":{"line":94,"column":72}},"18":{"start":{"line":101,"column":6},"end":{"line":101,"column":81}},"19":{"start":{"line":109,"column":8},"end":{"line":109,"column":30}},"20":{"start":{"line":115,"column":8},"end":{"line":115,"column":107}},"21":{"start":{"line":116,"column":8},"end":{"line":116,"column":49}},"22":{"start":{"line":117,"column":8},"end":{"line":117,"column":4964}},"23":{"start":{"line":118,"column":12},"end":{"line":118,"column":38}},"24":{"start":{"line":125,"column":8},"end":{"line":125,"column":107}},"25":{"start":{"line":126,"column":8},"end":{"line":126,"column":48}},"26":{"start":{"line":127,"column":8},"end":{"line":127,"column":5461}},"27":{"start":{"line":128,"column":12},"end":{"line":128,"column":38}},"28":{"start":{"line":135,"column":8},"end":{"line":135,"column":51}},"29":{"start":{"line":136,"column":8},"end":{"line":136,"column":50}},"30":{"start":{"line":137,"column":8},"end":{"line":137,"column":51}},"31":{"start":{"line":138,"column":8},"end":{"line":138,"column":41}},"32":{"start":{"line":139,"column":8},"end":{"line":139,"column":5985}},"33":{"start":{"line":147,"column":8},"end":{"line":147,"column":46}}},"branchMap":{"1":{"line":70,"type":"if","locations":[{"start":{"line":70,"column":8},"end":{"line":70,"column":8}},{"start":{"line":70,"column":8},"end":{"line":70,"column":8}}]},"2":{"line":101,"type":"if","locations":[{"start":{"line":101,"column":6},"end":{"line":101,"column":6}},{"start":{"line":101,"column":6},"end":{"line":101,"column":6}}]},"3":{"line":115,"type":"if","locations":[{"start":{"line":115,"column":8},"end":{"line":115,"column":8}},{"start":{"line":115,"column":8},"end":{"line":115,"column":8}}]},"4":{"line":117,"type":"if","locations":[{"start":{"line":117,"column":8},"end":{"line":117,"column":8}},{"start":{"line":117,"column":8},"end":{"line":117,"column":8}}]},"5":{"line":125,"type":"if","locations":[{"start":{"line":125,"column":8},"end":{"line":125,"column":8}},{"start":{"line":125,"column":8},"end":{"line":125,"column":8}}]},"6":{"line":127,"type":"if","locations":[{"start":{"line":127,"column":8},"end":{"line":127,"column":8}},{"start":{"line":127,"column":8},"end":{"line":127,"column":8}}]},"7":{"line":135,"type":"if","locations":[{"start":{"line":135,"column":8},"end":{"line":135,"column":8}},{"start":{"line":135,"column":8},"end":{"line":135,"column":8}}]},"8":{"line":136,"type":"if","locations":[{"start":{"line":136,"column":8},"end":{"line":136,"column":8}},{"start":{"line":136,"column":8},"end":{"line":136,"column":8}}]},"9":{"line":137,"type":"if","locations":[{"start":{"line":137,"column":8},"end":{"line":137,"column":8}},{"start":{"line":137,"column":8},"end":{"line":137,"column":8}}]}}},"contracts/NetworkTest.sol":{"l":{"10":1,"14":1,"18":0,"22":0,"26":0,"30":0,"34":1,"35":0,"39":0,"43":0},"path":"/home/pieter/bscinf/y3/bproject/docker/blockhain-trading-platform/contracts/NetworkTest.sol","s":{"1":1,"2":1,"3":0,"4":0,"5":0,"6":0,"7":1,"8":0,"9":0},"b":{"1":[0,1]},"f":{"1":1,"2":1,"3":0,"4":0,"5":0,"6":0,"7":1,"8":0,"9":0},"fnMap":{"1":{"name":"setLeader","line":9,"loc":{"start":{"line":9,"column":2},"end":{"line":9,"column":44}}},"2":{"name":"get_block_coinbase","line":13,"loc":{"start":{"line":13,"column":2},"end":{"line":13,"column":61}}},"3":{"name":"get_block_difficulty","line":17,"loc":{"start":{"line":17,"column":2},"end":{"line":17,"column":60}}},"4":{"name":"get_block_gaslimit","line":21,"loc":{"start":{"line":21,"column":2},"end":{"line":21,"column":58}}},"5":{"name":"get_block_number","line":25,"loc":{"start":{"line":25,"column":2},"end":{"line":25,"column":56}}},"6":{"name":"get_block_timestamp","line":29,"loc":{"start":{"line":29,"column":2},"end":{"line":29,"column":59}}},"7":{"name":"onlyLeaderMines","line":33,"loc":{"start":{"line":33,"column":2},"end":{"line":33,"column":28}}},"8":{"name":"getLeader","line":38,"loc":{"start":{"line":38,"column":2},"end":{"line":38,"column":52}}},"9":{"name":"getTest","line":42,"loc":{"start":{"line":42,"column":37},"end":{"line":42,"column":39}}}},"statementMap":{"1":{"start":{"line":10,"column":4},"end":{"line":10,"column":19}},"2":{"start":{"line":14,"column":4},"end":{"line":14,"column":25}},"3":{"start":{"line":18,"column":4},"end":{"line":18,"column":27}},"4":{"start":{"line":22,"column":4},"end":{"line":22,"column":25}},"5":{"start":{"line":26,"column":4},"end":{"line":26,"column":23}},"6":{"start":{"line":30,"column":4},"end":{"line":30,"column":26}},"7":{"start":{"line":34,"column":4},"end":{"line":34,"column":81}},"8":{"start":{"line":39,"column":4},"end":{"line":39,"column":17}},"9":{"start":{"line":43,"column":4},"end":{"line":43,"column":17}}},"branchMap":{"1":{"line":34,"type":"if","locations":[{"start":{"line":34,"column":4},"end":{"line":34,"column":4}},{"start":{"line":34,"column":4},"end":{"line":34,"column":4}}]}}},"contracts/PaymentAgreements.sol":{"l":{"51":16,"52":16,"53":16,"69":6,"70":6,"84":6,"91":2,"98":5,"99":3,"105":4,"106":2,"107":2,"108":1,"109":1},"path":"/home/pieter/bscinf/y3/bproject/docker/blockhain-trading-platform/contracts/PaymentAgreements.sol","s":{"1":16,"2":16,"3":16,"4":6,"5":6,"6":6,"7":2,"8":5,"9":3,"10":4,"11":2,"12":2,"13":1,"14":1},"b":{"1":[6,0],"2":[3,2],"3":[2,2],"4":[1,1]},"f":{"1":16,"2":16,"3":6,"4":2,"5":5,"6":4},"fnMap":{"1":{"name":"constructor","line":47,"loc":{"start":{"line":47,"column":48},"end":{"line":48,"column":5}}},"2":{"name":"initialize","line":50,"loc":{"start":{"line":50,"column":4},"end":{"line":50,"column":48}}},"3":{"name":"create","line":62,"loc":{"start":{"line":62,"column":4},"end":{"line":68,"column":14}}},"4":{"name":"get","line":90,"loc":{"start":{"line":90,"column":67},"end":{"line":90,"column":37}}},"5":{"name":"claimAmount","line":97,"loc":{"start":{"line":97,"column":121},"end":{"line":97,"column":3}}},"6":{"name":"confirmAmount","line":104,"loc":{"start":{"line":104,"column":103},"end":{"line":104,"column":3}}}},"statementMap":{"1":{"start":{"line":51,"column":8},"end":{"line":51,"column":37}},"2":{"start":{"line":52,"column":8},"end":{"line":52,"column":56}},"3":{"start":{"line":53,"column":8},"end":{"line":53,"column":47}},"4":{"start":{"line":69,"column":8},"end":{"line":69,"column":134}},"5":{"start":{"line":70,"column":8},"end":{"line":70,"column":2806}},"6":{"start":{"line":84,"column":8},"end":{"line":84,"column":82}},"7":{"start":{"line":91,"column":8},"end":{"line":91,"column":32}},"8":{"start":{"line":98,"column":8},"end":{"line":98,"column":111}},"9":{"start":{"line":99,"column":8},"end":{"line":99,"column":55}},"10":{"start":{"line":105,"column":8},"end":{"line":105,"column":111}},"11":{"start":{"line":106,"column":8},"end":{"line":106,"column":71}},"12":{"start":{"line":107,"column":8},"end":{"line":107,"column":4528}},"13":{"start":{"line":108,"column":12},"end":{"line":108,"column":44}},"14":{"start":{"line":109,"column":12},"end":{"line":109,"column":109}}},"branchMap":{"1":{"line":69,"type":"if","locations":[{"start":{"line":69,"column":8},"end":{"line":69,"column":8}},{"start":{"line":69,"column":8},"end":{"line":69,"column":8}}]},"2":{"line":98,"type":"if","locations":[{"start":{"line":98,"column":8},"end":{"line":98,"column":8}},{"start":{"line":98,"column":8},"end":{"line":98,"column":8}}]},"3":{"line":105,"type":"if","locations":[{"start":{"line":105,"column":8},"end":{"line":105,"column":8}},{"start":{"line":105,"column":8},"end":{"line":105,"column":8}}]},"4":{"line":107,"type":"if","locations":[{"start":{"line":107,"column":8},"end":{"line":107,"column":8}},{"start":{"line":107,"column":8},"end":{"line":107,"column":8}}]}}},"contracts/Registry.sol":{"l":{"12":25,"13":25,"14":25,"15":25,"21":47,"22":47,"28":16,"29":16,"35":12,"36":12,"42":47,"43":47},"path":"/home/pieter/bscinf/y3/bproject/docker/blockhain-trading-platform/contracts/Registry.sol","s":{"1":25,"2":25,"3":25,"4":25,"5":47,"6":47,"7":16,"8":16,"9":12,"10":12,"11":47,"12":47},"b":{"1":[47,0],"2":[16,0],"3":[12,0],"4":[47,0]},"f":{"1":25,"2":47,"3":16,"4":12,"5":47},"fnMap":{"1":{"name":"constructor","line":11,"loc":{"start":{"line":11,"column":2},"end":{"line":11,"column":114}}},"2":{"name":"getLeadership","line":20,"loc":{"start":{"line":20,"column":2},"end":{"line":20,"column":56}}},"3":{"name":"getPaymentAgreements","line":27,"loc":{"start":{"line":27,"column":2},"end":{"line":27,"column":63}}},"4":{"name":"getTradeAgreements","line":34,"loc":{"start":{"line":34,"column":2},"end":{"line":34,"column":61}}},"5":{"name":"getTraders","line":41,"loc":{"start":{"line":41,"column":2},"end":{"line":41,"column":53}}}},"statementMap":{"1":{"start":{"line":12,"column":4},"end":{"line":12,"column":27}},"2":{"start":{"line":13,"column":4},"end":{"line":13,"column":41}},"3":{"start":{"line":14,"column":4},"end":{"line":14,"column":21}},"4":{"start":{"line":15,"column":4},"end":{"line":15,"column":37}},"5":{"start":{"line":21,"column":4},"end":{"line":21,"column":78}},"6":{"start":{"line":22,"column":4},"end":{"line":22,"column":21}},"7":{"start":{"line":28,"column":4},"end":{"line":28,"column":92}},"8":{"start":{"line":29,"column":4},"end":{"line":29,"column":28}},"9":{"start":{"line":35,"column":4},"end":{"line":35,"column":88}},"10":{"start":{"line":36,"column":4},"end":{"line":36,"column":26}},"11":{"start":{"line":42,"column":4},"end":{"line":42,"column":72}},"12":{"start":{"line":43,"column":4},"end":{"line":43,"column":18}}},"branchMap":{"1":{"line":21,"type":"if","locations":[{"start":{"line":21,"column":4},"end":{"line":21,"column":4}},{"start":{"line":21,"column":4},"end":{"line":21,"column":4}}]},"2":{"line":28,"type":"if","locations":[{"start":{"line":28,"column":4},"end":{"line":28,"column":4}},{"start":{"line":28,"column":4},"end":{"line":28,"column":4}}]},"3":{"line":35,"type":"if","locations":[{"start":{"line":35,"column":4},"end":{"line":35,"column":4}},{"start":{"line":35,"column":4},"end":{"line":35,"column":4}}]},"4":{"line":42,"type":"if","locations":[{"start":{"line":42,"column":4},"end":{"line":42,"column":4}},{"start":{"line":42,"column":4},"end":{"line":42,"column":4}}]}}},"contracts/RestrictedToLeader.sol":{"l":{"14":47,"19":66,"20":0,"21":0,"23":66,"28":6,"29":0,"30":0,"32":6,"37":0,"42":1},"path":"/home/pieter/bscinf/y3/bproject/docker/blockhain-trading-platform/contracts/RestrictedToLeader.sol","s":{"1":47,"2":66,"3":0,"4":0,"5":6,"6":0,"7":0,"8":0,"9":1},"b":{"1":[0,66],"2":[0,0],"3":[0,0],"4":[0,6],"5":[0,0],"6":[0,0]},"f":{"1":47,"2":66,"3":6,"4":0,"5":1},"fnMap":{"1":{"name":"constructor","line":12,"loc":{"start":{"line":12,"column":2},"end":{"line":12,"column":55}}},"2":{"name":"MinerMustBeLeader","line":18,"loc":{"start":{"line":18,"column":2},"end":{"line":18,"column":51}}},"3":{"name":"SenderMustBeLeader","line":27,"loc":{"start":{"line":27,"column":2},"end":{"line":27,"column":52}}},"4":{"name":"getMiner","line":36,"loc":{"start":{"line":36,"column":2},"end":{"line":36,"column":51}}},"5":{"name":"minerRestrictionsEnabled","line":41,"loc":{"start":{"line":41,"column":2},"end":{"line":41,"column":64}}}},"statementMap":{"1":{"start":{"line":14,"column":4},"end":{"line":14,"column":55}},"2":{"start":{"line":19,"column":4},"end":{"line":19,"column":726}},"3":{"start":{"line":20,"column":6},"end":{"line":20,"column":118}},"4":{"start":{"line":21,"column":6},"end":{"line":21,"column":106}},"5":{"start":{"line":28,"column":4},"end":{"line":28,"column":1180}},"6":{"start":{"line":29,"column":6},"end":{"line":29,"column":118}},"7":{"start":{"line":30,"column":6},"end":{"line":30,"column":102}},"8":{"start":{"line":37,"column":4},"end":{"line":37,"column":25}},"9":{"start":{"line":42,"column":4},"end":{"line":42,"column":35}}},"branchMap":{"1":{"line":19,"type":"if","locations":[{"start":{"line":19,"column":4},"end":{"line":19,"column":4}},{"start":{"line":19,"column":4},"end":{"line":19,"column":4}}]},"2":{"line":20,"type":"if","locations":[{"start":{"line":20,"column":6},"end":{"line":20,"column":6}},{"start":{"line":20,"column":6},"end":{"line":20,"column":6}}]},"3":{"line":21,"type":"if","locations":[{"start":{"line":21,"column":6},"end":{"line":21,"column":6}},{"start":{"line":21,"column":6},"end":{"line":21,"column":6}}]},"4":{"line":28,"type":"if","locations":[{"start":{"line":28,"column":4},"end":{"line":28,"column":4}},{"start":{"line":28,"column":4},"end":{"line":28,"column":4}}]},"5":{"line":29,"type":"if","locations":[{"start":{"line":29,"column":6},"end":{"line":29,"column":6}},{"start":{"line":29,"column":6},"end":{"line":29,"column":6}}]},"6":{"line":30,"type":"if","locations":[{"start":{"line":30,"column":6},"end":{"line":30,"column":6}},{"start":{"line":30,"column":6},"end":{"line":30,"column":6}}]}}},"contracts/RestrictedToTrader.sol":{"l":{"12":47,"17":77,"18":77,"20":77,"25":1},"path":"/home/pieter/bscinf/y3/bproject/docker/blockhain-trading-platform/contracts/RestrictedToTrader.sol","s":{"1":47,"2":77,"3":77,"4":1},"b":{"1":[77,0],"2":[77,0]},"f":{"1":47,"2":77,"3":1},"fnMap":{"1":{"name":"constructor","line":11,"loc":{"start":{"line":11,"column":2},"end":{"line":11,"column":55}}},"2":{"name":"SenderMustBeTrader","line":16,"loc":{"start":{"line":16,"column":2},"end":{"line":16,"column":46}}},"3":{"name":"senderRestrictionsEnabled","line":24,"loc":{"start":{"line":24,"column":2},"end":{"line":24,"column":65}}}},"statementMap":{"1":{"start":{"line":12,"column":4},"end":{"line":12,"column":55}},"2":{"start":{"line":17,"column":4},"end":{"line":17,"column":597}},"3":{"start":{"line":18,"column":6},"end":{"line":18,"column":98}},"4":{"start":{"line":25,"column":4},"end":{"line":25,"column":35}}},"branchMap":{"1":{"line":17,"type":"if","locations":[{"start":{"line":17,"column":4},"end":{"line":17,"column":4}},{"start":{"line":17,"column":4},"end":{"line":17,"column":4}}]},"2":{"line":18,"type":"if","locations":[{"start":{"line":18,"column":6},"end":{"line":18,"column":6}},{"start":{"line":18,"column":6},"end":{"line":18,"column":6}}]}}},"contracts/TradeAgreements.sol":{"l":{"50":16,"51":16,"52":16,"53":16,"71":8,"86":8,"92":2,"99":5,"100":3,"101":3,"107":4,"108":4,"109":2,"110":2,"111":2,"112":1,"119":1},"path":"/home/pieter/bscinf/y3/bproject/docker/blockhain-trading-platform/contracts/TradeAgreements.sol","s":{"1":16,"2":16,"3":16,"4":16,"5":8,"6":8,"7":2,"8":5,"9":3,"10":3,"11":4,"12":4,"13":2,"14":2,"15":2,"16":1,"17":1},"b":{"1":[3,2],"2":[2,2],"3":[1,1]},"f":{"1":16,"2":16,"3":8,"4":2,"5":5,"6":4},"fnMap":{"1":{"name":"constructor","line":46,"loc":{"start":{"line":46,"column":48},"end":{"line":47,"column":5}}},"2":{"name":"initialize","line":49,"loc":{"start":{"line":49,"column":4},"end":{"line":49,"column":48}}},"3":{"name":"create","line":70,"loc":{"start":{"line":70,"column":41},"end":{"line":70,"column":3}}},"4":{"name":"get","line":91,"loc":{"start":{"line":91,"column":64},"end":{"line":91,"column":35}}},"5":{"name":"claimVolume","line":98,"loc":{"start":{"line":98,"column":121},"end":{"line":98,"column":3}}},"6":{"name":"confirmVolume","line":106,"loc":{"start":{"line":106,"column":102},"end":{"line":106,"column":3}}}},"statementMap":{"1":{"start":{"line":50,"column":8},"end":{"line":50,"column":37}},"2":{"start":{"line":51,"column":8},"end":{"line":51,"column":56}},"3":{"start":{"line":52,"column":8},"end":{"line":52,"column":77}},"4":{"start":{"line":53,"column":8},"end":{"line":53,"column":47}},"5":{"start":{"line":71,"column":8},"end":{"line":71,"column":2960}},"6":{"start":{"line":86,"column":8},"end":{"line":86,"column":80}},"7":{"start":{"line":92,"column":8},"end":{"line":92,"column":29}},"8":{"start":{"line":99,"column":8},"end":{"line":99,"column":108}},"9":{"start":{"line":100,"column":8},"end":{"line":100,"column":55}},"10":{"start":{"line":101,"column":8},"end":{"line":101,"column":94}},"11":{"start":{"line":107,"column":8},"end":{"line":107,"column":60}},"12":{"start":{"line":108,"column":8},"end":{"line":108,"column":103}},"13":{"start":{"line":109,"column":8},"end":{"line":109,"column":55}},"14":{"start":{"line":110,"column":8},"end":{"line":110,"column":96}},"15":{"start":{"line":111,"column":8},"end":{"line":111,"column":4907}},"16":{"start":{"line":112,"column":12},"end":{"line":112,"column":4977}},"17":{"start":{"line":119,"column":12},"end":{"line":119,"column":44}}},"branchMap":{"1":{"line":99,"type":"if","locations":[{"start":{"line":99,"column":8},"end":{"line":99,"column":8}},{"start":{"line":99,"column":8},"end":{"line":99,"column":8}}]},"2":{"line":108,"type":"if","locations":[{"start":{"line":108,"column":8},"end":{"line":108,"column":8}},{"start":{"line":108,"column":8},"end":{"line":108,"column":8}}]},"3":{"line":111,"type":"if","locations":[{"start":{"line":111,"column":8},"end":{"line":111,"column":8}},{"start":{"line":111,"column":8},"end":{"line":111,"column":8}}]}}},"contracts/Traders.sol":{"l":{"18":63,"19":61,"20":61,"21":61,"28":80,"35":1,"36":1,"41":0},"path":"/home/pieter/bscinf/y3/bproject/docker/blockhain-trading-platform/contracts/Traders.sol","s":{"1":63,"2":61,"3":61,"4":61,"5":80,"6":1,"7":1,"8":0},"b":{"1":[61,2],"2":[1,0]},"f":{"1":63,"2":80,"3":1,"4":0},"fnMap":{"1":{"name":"newTrader","line":17,"loc":{"start":{"line":17,"column":4},"end":{"line":17,"column":48}}},"2":{"name":"accountHasTrader","line":27,"loc":{"start":{"line":27,"column":4},"end":{"line":27,"column":72}}},"3":{"name":"getTraderName","line":34,"loc":{"start":{"line":34,"column":4},"end":{"line":34,"column":78}}},"4":{"name":"getTraders","line":40,"loc":{"start":{"line":40,"column":4},"end":{"line":40,"column":62}}}},"statementMap":{"1":{"start":{"line":18,"column":8},"end":{"line":18,"column":72}},"2":{"start":{"line":19,"column":8},"end":{"line":19,"column":37}},"3":{"start":{"line":20,"column":8},"end":{"line":20,"column":37}},"4":{"start":{"line":21,"column":8},"end":{"line":21,"column":31}},"5":{"start":{"line":28,"column":8},"end":{"line":28,"column":36}},"6":{"start":{"line":35,"column":8},"end":{"line":35,"column":82}},"7":{"start":{"line":36,"column":8},"end":{"line":36,"column":35}},"8":{"start":{"line":41,"column":8},"end":{"line":41,"column":22}}},"branchMap":{"1":{"line":18,"type":"if","locations":[{"start":{"line":18,"column":8},"end":{"line":18,"column":8}},{"start":{"line":18,"column":8},"end":{"line":18,"column":8}}]},"2":{"line":35,"type":"if","locations":[{"start":{"line":35,"column":8},"end":{"line":35,"column":8}},{"start":{"line":35,"column":8},"end":{"line":35,"column":8}}]}}}}