{"contracts/Leadership.sol":{"l":{"21":36,"22":36,"26":9,"27":8,"28":6,"36":18,"37":18,"38":18,"40":0,"42":18,"43":18,"47":1,"48":5,"49":5,"54":2,"55":2,"56":2,"57":1,"58":1,"59":1,"61":1,"66":2,"67":2,"68":0,"70":2,"71":2,"72":2,"73":2,"75":2,"76":2,"80":2,"84":4,"88":2,"92":2,"96":4,"100":2,"106":0,"111":1},"path":"/home/pieter/mscinf/y1/ri/blockhain-trading-platform/contracts/Leadership.sol","s":{"1":36,"2":36,"3":9,"4":8,"5":18,"6":18,"7":18,"8":0,"9":1,"10":5,"11":2,"12":2,"13":1,"14":1,"15":1,"16":1,"17":2,"18":2,"19":2,"20":2,"21":2,"22":2,"23":2,"24":2,"25":2,"26":4,"27":2,"28":2,"29":4,"30":2,"31":0,"32":1},"b":{"1":[8,1],"2":[6,2],"3":[18,0],"4":[1,1],"5":[2,0]},"f":{"1":36,"2":9,"3":18,"4":1,"5":2,"6":2,"7":2,"8":4,"9":2,"10":2,"11":4,"12":2,"13":0,"14":1},"fnMap":{"1":{"name":"constructor","line":20,"loc":{"start":{"line":20,"column":4},"end":{"line":20,"column":23}}},"2":{"name":"inRange","line":25,"loc":{"start":{"line":25,"column":4},"end":{"line":25,"column":32}}},"3":{"name":"issueTicket","line":35,"loc":{"start":{"line":35,"column":4},"end":{"line":35,"column":46}}},"4":{"name":"issueTickets","line":46,"loc":{"start":{"line":46,"column":4},"end":{"line":46,"column":60}}},"5":{"name":"removeTicket","line":53,"loc":{"start":{"line":53,"column":61},"end":{"line":53,"column":3}}},"6":{"name":"draw","line":65,"loc":{"start":{"line":65,"column":4},"end":{"line":65,"column":25}}},"7":{"name":"random","line":79,"loc":{"start":{"line":79,"column":4},"end":{"line":79,"column":48}}},"8":{"name":"getTicket","line":83,"loc":{"start":{"line":83,"column":58},"end":{"line":83,"column":33}}},"9":{"name":"getTickets","line":87,"loc":{"start":{"line":87,"column":4},"end":{"line":87,"column":63}}},"10":{"name":"getTraderTicketAmount","line":91,"loc":{"start":{"line":91,"column":4},"end":{"line":91,"column":76}}},"11":{"name":"getMin","line":95,"loc":{"start":{"line":95,"column":4},"end":{"line":95,"column":47}}},"12":{"name":"getMax","line":99,"loc":{"start":{"line":99,"column":4},"end":{"line":99,"column":47}}},"13":{"name":"roundIsInSession","line":105,"loc":{"start":{"line":105,"column":4},"end":{"line":105,"column":56}}},"14":{"name":"getCurrentLeader","line":110,"loc":{"start":{"line":110,"column":4},"end":{"line":110,"column":59}}}},"statementMap":{"1":{"start":{"line":21,"column":8},"end":{"line":21,"column":14}},"2":{"start":{"line":22,"column":8},"end":{"line":22,"column":14}},"3":{"start":{"line":26,"column":8},"end":{"line":26,"column":67}},"4":{"start":{"line":27,"column":8},"end":{"line":27,"column":67}},"5":{"start":{"line":36,"column":8},"end":{"line":36,"column":23}},"6":{"start":{"line":37,"column":8},"end":{"line":37,"column":1191}},"7":{"start":{"line":38,"column":12},"end":{"line":38,"column":31}},"8":{"start":{"line":40,"column":12},"end":{"line":40,"column":33}},"9":{"start":{"line":47,"column":8},"end":{"line":47,"column":1451}},"10":{"start":{"line":48,"column":12},"end":{"line":48,"column":30}},"11":{"start":{"line":55,"column":8},"end":{"line":55,"column":35}},"12":{"start":{"line":56,"column":8},"end":{"line":56,"column":1702}},"13":{"start":{"line":57,"column":12},"end":{"line":57,"column":26}},"14":{"start":{"line":58,"column":12},"end":{"line":58,"column":1767}},"15":{"start":{"line":59,"column":16},"end":{"line":59,"column":28}},"16":{"start":{"line":61,"column":12},"end":{"line":61,"column":20}},"17":{"start":{"line":66,"column":8},"end":{"line":66,"column":28}},"18":{"start":{"line":67,"column":8},"end":{"line":67,"column":1977}},"19":{"start":{"line":70,"column":8},"end":{"line":70,"column":38}},"20":{"start":{"line":71,"column":8},"end":{"line":71,"column":25}},"21":{"start":{"line":72,"column":8},"end":{"line":72,"column":2121}},"22":{"start":{"line":73,"column":12},"end":{"line":73,"column":30}},"23":{"start":{"line":75,"column":8},"end":{"line":75,"column":29}},"24":{"start":{"line":76,"column":8},"end":{"line":76,"column":81}},"25":{"start":{"line":80,"column":8},"end":{"line":80,"column":105}},"26":{"start":{"line":84,"column":8},"end":{"line":84,"column":30}},"27":{"start":{"line":88,"column":8},"end":{"line":88,"column":22}},"28":{"start":{"line":92,"column":8},"end":{"line":92,"column":41}},"29":{"start":{"line":96,"column":8},"end":{"line":96,"column":18}},"30":{"start":{"line":100,"column":8},"end":{"line":100,"column":18}},"31":{"start":{"line":106,"column":8},"end":{"line":106,"column":29}},"32":{"start":{"line":111,"column":8},"end":{"line":111,"column":28}}},"branchMap":{"1":{"line":26,"type":"if","locations":[{"start":{"line":26,"column":8},"end":{"line":26,"column":8}},{"start":{"line":26,"column":8},"end":{"line":26,"column":8}}]},"2":{"line":27,"type":"if","locations":[{"start":{"line":27,"column":8},"end":{"line":27,"column":8}},{"start":{"line":27,"column":8},"end":{"line":27,"column":8}}]},"3":{"line":37,"type":"if","locations":[{"start":{"line":37,"column":8},"end":{"line":37,"column":8}},{"start":{"line":37,"column":8},"end":{"line":37,"column":8}}]},"4":{"line":56,"type":"if","locations":[{"start":{"line":56,"column":8},"end":{"line":56,"column":8}},{"start":{"line":56,"column":8},"end":{"line":56,"column":8}}]},"5":{"line":72,"type":"if","locations":[{"start":{"line":72,"column":8},"end":{"line":72,"column":8}},{"start":{"line":72,"column":8},"end":{"line":72,"column":8}}]}}},"contracts/Marketplace.sol":{"l":{"39":19,"40":19,"41":19,"48":16,"49":15,"51":1,"53":16,"54":16,"61":14,"62":13,"64":1,"66":14,"67":14,"74":1,"75":5,"83":1,"84":5,"91":4,"97":4,"103":6,"104":6,"110":6,"111":6,"116":4,"117":4},"path":"/home/pieter/mscinf/y1/ri/blockhain-trading-platform/contracts/Marketplace.sol","s":{"1":19,"2":19,"3":19,"4":16,"5":15,"6":1,"7":16,"8":14,"9":13,"10":1,"11":14,"12":1,"13":5,"14":1,"15":5,"16":4,"17":4,"18":6,"19":6,"20":6,"21":6,"22":4,"23":4},"b":{"1":[15,1],"2":[13,1],"3":[6,0],"4":[6,0]},"f":{"1":19,"2":19,"3":16,"4":14,"5":1,"6":1,"7":4,"8":4,"9":6,"10":6,"11":4},"fnMap":{"1":{"name":"constructor","line":35,"loc":{"start":{"line":35,"column":48},"end":{"line":36,"column":5}}},"2":{"name":"initialize","line":38,"loc":{"start":{"line":38,"column":4},"end":{"line":38,"column":48}}},"3":{"name":"publishOffer","line":47,"loc":{"start":{"line":47,"column":117},"end":{"line":47,"column":3}}},"4":{"name":"publishDemand","line":60,"loc":{"start":{"line":60,"column":118},"end":{"line":60,"column":3}}},"5":{"name":"publishOffers","line":73,"loc":{"start":{"line":73,"column":121},"end":{"line":73,"column":3}}},"6":{"name":"publishDemands","line":82,"loc":{"start":{"line":82,"column":122},"end":{"line":82,"column":3}}},"7":{"name":"getCurrentOffersAmount","line":90,"loc":{"start":{"line":90,"column":76},"end":{"line":90,"column":17}}},"8":{"name":"getCurrentDemandsAmount","line":96,"loc":{"start":{"line":96,"column":77},"end":{"line":96,"column":17}}},"9":{"name":"getOffer","line":102,"loc":{"start":{"line":102,"column":69},"end":{"line":102,"column":39}}},"10":{"name":"getDemand","line":109,"loc":{"start":{"line":109,"column":70},"end":{"line":109,"column":39}}},"11":{"name":"reset","line":115,"loc":{"start":{"line":115,"column":58},"end":{"line":115,"column":3}}}},"statementMap":{"1":{"start":{"line":39,"column":8},"end":{"line":39,"column":37}},"2":{"start":{"line":40,"column":8},"end":{"line":40,"column":56}},"3":{"start":{"line":41,"column":8},"end":{"line":41,"column":47}},"4":{"start":{"line":48,"column":8},"end":{"line":48,"column":2036}},"5":{"start":{"line":49,"column":12},"end":{"line":49,"column":38}},"6":{"start":{"line":51,"column":12},"end":{"line":51,"column":57}},"7":{"start":{"line":53,"column":8},"end":{"line":53,"column":44}},"8":{"start":{"line":61,"column":8},"end":{"line":61,"column":2666}},"9":{"start":{"line":62,"column":12},"end":{"line":62,"column":39}},"10":{"start":{"line":64,"column":12},"end":{"line":64,"column":59}},"11":{"start":{"line":66,"column":8},"end":{"line":66,"column":46}},"12":{"start":{"line":74,"column":8},"end":{"line":74,"column":3368}},"13":{"start":{"line":75,"column":12},"end":{"line":75,"column":42}},"14":{"start":{"line":83,"column":8},"end":{"line":83,"column":3919}},"15":{"start":{"line":84,"column":12},"end":{"line":84,"column":43}},"16":{"start":{"line":91,"column":8},"end":{"line":91,"column":36}},"17":{"start":{"line":97,"column":8},"end":{"line":97,"column":37}},"18":{"start":{"line":103,"column":8},"end":{"line":103,"column":80}},"19":{"start":{"line":104,"column":8},"end":{"line":104,"column":26}},"20":{"start":{"line":110,"column":8},"end":{"line":110,"column":81}},"21":{"start":{"line":111,"column":8},"end":{"line":111,"column":27}},"22":{"start":{"line":116,"column":8},"end":{"line":116,"column":32}},"23":{"start":{"line":117,"column":8},"end":{"line":117,"column":33}}},"branchMap":{"1":{"line":48,"type":"if","locations":[{"start":{"line":48,"column":8},"end":{"line":48,"column":8}},{"start":{"line":48,"column":8},"end":{"line":48,"column":8}}]},"2":{"line":61,"type":"if","locations":[{"start":{"line":61,"column":8},"end":{"line":61,"column":8}},{"start":{"line":61,"column":8},"end":{"line":61,"column":8}}]},"3":{"line":103,"type":"if","locations":[{"start":{"line":103,"column":8},"end":{"line":103,"column":8}},{"start":{"line":103,"column":8},"end":{"line":103,"column":8}}]},"4":{"line":110,"type":"if","locations":[{"start":{"line":110,"column":8},"end":{"line":110,"column":8}},{"start":{"line":110,"column":8},"end":{"line":110,"column":8}}]}}},"contracts/Matches.sol":{"l":{"50":8,"51":8,"52":8,"53":8,"71":9,"72":9,"83":9,"85":0,"86":0,"87":0,"88":0,"89":0,"90":0,"91":0,"92":0,"93":0,"95":9,"96":9,"102":17,"103":17,"110":4,"116":5,"117":3,"118":3,"119":1,"126":5,"127":3,"128":3,"129":2,"136":3,"137":3,"138":3,"139":3,"140":3,"148":3,"152":2,"153":2,"154":3,"163":2},"path":"/home/pieter/mscinf/y1/ri/blockhain-trading-platform/contracts/Matches.sol","s":{"1":8,"2":8,"3":8,"4":8,"5":9,"6":9,"7":9,"8":0,"9":0,"10":0,"11":0,"12":0,"13":0,"14":0,"15":0,"16":0,"17":9,"18":17,"19":4,"20":5,"21":3,"22":3,"23":1,"24":5,"25":3,"26":3,"27":2,"28":3,"29":3,"30":3,"31":3,"32":3,"33":3,"34":2,"35":2,"36":3,"37":2},"b":{"1":[9,0],"2":[17,0],"3":[3,2],"4":[1,2],"5":[3,2],"6":[2,1],"7":[3,0],"8":[3,0],"9":[3,0]},"f":{"1":8,"2":8,"3":9,"4":17,"5":4,"6":5,"7":5,"8":3,"9":2},"fnMap":{"1":{"name":"constructor","line":46,"loc":{"start":{"line":46,"column":48},"end":{"line":47,"column":5}}},"2":{"name":"initialize","line":49,"loc":{"start":{"line":49,"column":4},"end":{"line":49,"column":48}}},"3":{"name":"publish","line":70,"loc":{"start":{"line":70,"column":100},"end":{"line":70,"column":3}}},"4":{"name":"MustBeInRange","line":101,"loc":{"start":{"line":101,"column":4},"end":{"line":101,"column":36}}},"5":{"name":"get","line":109,"loc":{"start":{"line":109,"column":88},"end":{"line":109,"column":26}}},"6":{"name":"acceptOffer","line":115,"loc":{"start":{"line":115,"column":121},"end":{"line":115,"column":3}}},"7":{"name":"acceptDemand","line":125,"loc":{"start":{"line":125,"column":122},"end":{"line":125,"column":3}}},"8":{"name":"createTradeAgreement","line":135,"loc":{"start":{"line":135,"column":73},"end":{"line":135,"column":3}}},"9":{"name":"newRound","line":151,"loc":{"start":{"line":151,"column":86},"end":{"line":151,"column":3}}}},"statementMap":{"1":{"start":{"line":50,"column":8},"end":{"line":50,"column":37}},"2":{"start":{"line":51,"column":8},"end":{"line":51,"column":71}},"3":{"start":{"line":52,"column":8},"end":{"line":52,"column":47}},"4":{"start":{"line":53,"column":8},"end":{"line":53,"column":56}},"5":{"start":{"line":71,"column":8},"end":{"line":71,"column":2804}},"6":{"start":{"line":72,"column":12},"end":{"line":72,"column":2871}},"7":{"start":{"line":83,"column":12},"end":{"line":83,"column":27}},"8":{"start":{"line":85,"column":12},"end":{"line":85,"column":68}},"9":{"start":{"line":86,"column":12},"end":{"line":86,"column":66}},"10":{"start":{"line":87,"column":12},"end":{"line":87,"column":70}},"11":{"start":{"line":88,"column":12},"end":{"line":88,"column":70}},"12":{"start":{"line":89,"column":12},"end":{"line":89,"column":68}},"13":{"start":{"line":90,"column":12},"end":{"line":90,"column":71}},"14":{"start":{"line":91,"column":12},"end":{"line":91,"column":60}},"15":{"start":{"line":92,"column":12},"end":{"line":92,"column":65}},"16":{"start":{"line":93,"column":12},"end":{"line":93,"column":68}},"17":{"start":{"line":95,"column":8},"end":{"line":95,"column":72}},"18":{"start":{"line":102,"column":6},"end":{"line":102,"column":81}},"19":{"start":{"line":110,"column":8},"end":{"line":110,"column":30}},"20":{"start":{"line":116,"column":8},"end":{"line":116,"column":107}},"21":{"start":{"line":117,"column":8},"end":{"line":117,"column":49}},"22":{"start":{"line":118,"column":8},"end":{"line":118,"column":5013}},"23":{"start":{"line":119,"column":12},"end":{"line":119,"column":38}},"24":{"start":{"line":126,"column":8},"end":{"line":126,"column":107}},"25":{"start":{"line":127,"column":8},"end":{"line":127,"column":48}},"26":{"start":{"line":128,"column":8},"end":{"line":128,"column":5510}},"27":{"start":{"line":129,"column":12},"end":{"line":129,"column":38}},"28":{"start":{"line":136,"column":8},"end":{"line":136,"column":51}},"29":{"start":{"line":137,"column":8},"end":{"line":137,"column":50}},"30":{"start":{"line":138,"column":8},"end":{"line":138,"column":51}},"31":{"start":{"line":139,"column":8},"end":{"line":139,"column":41}},"32":{"start":{"line":140,"column":8},"end":{"line":140,"column":6034}},"33":{"start":{"line":148,"column":8},"end":{"line":148,"column":46}},"34":{"start":{"line":152,"column":8},"end":{"line":152,"column":33}},"35":{"start":{"line":153,"column":8},"end":{"line":153,"column":6409}},"36":{"start":{"line":154,"column":12},"end":{"line":154,"column":6473}},"37":{"start":{"line":163,"column":8},"end":{"line":163,"column":53}}},"branchMap":{"1":{"line":71,"type":"if","locations":[{"start":{"line":71,"column":8},"end":{"line":71,"column":8}},{"start":{"line":71,"column":8},"end":{"line":71,"column":8}}]},"2":{"line":102,"type":"if","locations":[{"start":{"line":102,"column":6},"end":{"line":102,"column":6}},{"start":{"line":102,"column":6},"end":{"line":102,"column":6}}]},"3":{"line":116,"type":"if","locations":[{"start":{"line":116,"column":8},"end":{"line":116,"column":8}},{"start":{"line":116,"column":8},"end":{"line":116,"column":8}}]},"4":{"line":118,"type":"if","locations":[{"start":{"line":118,"column":8},"end":{"line":118,"column":8}},{"start":{"line":118,"column":8},"end":{"line":118,"column":8}}]},"5":{"line":126,"type":"if","locations":[{"start":{"line":126,"column":8},"end":{"line":126,"column":8}},{"start":{"line":126,"column":8},"end":{"line":126,"column":8}}]},"6":{"line":128,"type":"if","locations":[{"start":{"line":128,"column":8},"end":{"line":128,"column":8}},{"start":{"line":128,"column":8},"end":{"line":128,"column":8}}]},"7":{"line":136,"type":"if","locations":[{"start":{"line":136,"column":8},"end":{"line":136,"column":8}},{"start":{"line":136,"column":8},"end":{"line":136,"column":8}}]},"8":{"line":137,"type":"if","locations":[{"start":{"line":137,"column":8},"end":{"line":137,"column":8}},{"start":{"line":137,"column":8},"end":{"line":137,"column":8}}]},"9":{"line":138,"type":"if","locations":[{"start":{"line":138,"column":8},"end":{"line":138,"column":8}},{"start":{"line":138,"column":8},"end":{"line":138,"column":8}}]}}},"contracts/PaymentAgreements.sol":{"l":{"51":18,"52":18,"53":18,"69":6,"70":6,"84":6,"91":2,"98":5,"99":3,"105":4,"106":2,"107":2,"108":1,"109":1},"path":"/home/pieter/mscinf/y1/ri/blockhain-trading-platform/contracts/PaymentAgreements.sol","s":{"1":18,"2":18,"3":18,"4":6,"5":6,"6":6,"7":2,"8":5,"9":3,"10":4,"11":2,"12":2,"13":1,"14":1},"b":{"1":[6,0],"2":[3,2],"3":[2,2],"4":[1,1]},"f":{"1":18,"2":18,"3":6,"4":2,"5":5,"6":4},"fnMap":{"1":{"name":"constructor","line":47,"loc":{"start":{"line":47,"column":48},"end":{"line":48,"column":5}}},"2":{"name":"initialize","line":50,"loc":{"start":{"line":50,"column":4},"end":{"line":50,"column":48}}},"3":{"name":"create","line":62,"loc":{"start":{"line":62,"column":4},"end":{"line":68,"column":14}}},"4":{"name":"get","line":90,"loc":{"start":{"line":90,"column":67},"end":{"line":90,"column":37}}},"5":{"name":"claimAmount","line":97,"loc":{"start":{"line":97,"column":121},"end":{"line":97,"column":3}}},"6":{"name":"confirmAmount","line":104,"loc":{"start":{"line":104,"column":103},"end":{"line":104,"column":3}}}},"statementMap":{"1":{"start":{"line":51,"column":8},"end":{"line":51,"column":37}},"2":{"start":{"line":52,"column":8},"end":{"line":52,"column":56}},"3":{"start":{"line":53,"column":8},"end":{"line":53,"column":47}},"4":{"start":{"line":69,"column":8},"end":{"line":69,"column":134}},"5":{"start":{"line":70,"column":8},"end":{"line":70,"column":2806}},"6":{"start":{"line":84,"column":8},"end":{"line":84,"column":82}},"7":{"start":{"line":91,"column":8},"end":{"line":91,"column":32}},"8":{"start":{"line":98,"column":8},"end":{"line":98,"column":111}},"9":{"start":{"line":99,"column":8},"end":{"line":99,"column":55}},"10":{"start":{"line":105,"column":8},"end":{"line":105,"column":111}},"11":{"start":{"line":106,"column":8},"end":{"line":106,"column":71}},"12":{"start":{"line":107,"column":8},"end":{"line":107,"column":4528}},"13":{"start":{"line":108,"column":12},"end":{"line":108,"column":44}},"14":{"start":{"line":109,"column":12},"end":{"line":109,"column":109}}},"branchMap":{"1":{"line":69,"type":"if","locations":[{"start":{"line":69,"column":8},"end":{"line":69,"column":8}},{"start":{"line":69,"column":8},"end":{"line":69,"column":8}}]},"2":{"line":98,"type":"if","locations":[{"start":{"line":98,"column":8},"end":{"line":98,"column":8}},{"start":{"line":98,"column":8},"end":{"line":98,"column":8}}]},"3":{"line":105,"type":"if","locations":[{"start":{"line":105,"column":8},"end":{"line":105,"column":8}},{"start":{"line":105,"column":8},"end":{"line":105,"column":8}}]},"4":{"line":107,"type":"if","locations":[{"start":{"line":107,"column":8},"end":{"line":107,"column":8}},{"start":{"line":107,"column":8},"end":{"line":107,"column":8}}]}}},"contracts/Registry.sol":{"l":{"13":29,"14":29,"15":29,"16":29,"17":29,"23":63,"24":63,"30":2,"31":2,"37":18,"38":18,"44":14,"45":14,"51":63,"52":63},"path":"/home/pieter/mscinf/y1/ri/blockhain-trading-platform/contracts/Registry.sol","s":{"1":29,"2":29,"3":29,"4":29,"5":29,"6":63,"7":63,"8":2,"9":2,"10":18,"11":18,"12":14,"13":14,"14":63,"15":63},"b":{"1":[63,0],"2":[2,0],"3":[18,0],"4":[14,0],"5":[63,0]},"f":{"1":29,"2":63,"3":2,"4":18,"5":14,"6":63},"fnMap":{"1":{"name":"constructor","line":12,"loc":{"start":{"line":12,"column":2},"end":{"line":12,"column":136}}},"2":{"name":"getLeadership","line":22,"loc":{"start":{"line":22,"column":2},"end":{"line":22,"column":56}}},"3":{"name":"getMarketplace","line":29,"loc":{"start":{"line":29,"column":2},"end":{"line":29,"column":57}}},"4":{"name":"getPaymentAgreements","line":36,"loc":{"start":{"line":36,"column":2},"end":{"line":36,"column":63}}},"5":{"name":"getTradeAgreements","line":43,"loc":{"start":{"line":43,"column":2},"end":{"line":43,"column":61}}},"6":{"name":"getTraders","line":50,"loc":{"start":{"line":50,"column":2},"end":{"line":50,"column":53}}}},"statementMap":{"1":{"start":{"line":13,"column":4},"end":{"line":13,"column":27}},"2":{"start":{"line":14,"column":4},"end":{"line":14,"column":29}},"3":{"start":{"line":15,"column":4},"end":{"line":15,"column":41}},"4":{"start":{"line":16,"column":4},"end":{"line":16,"column":21}},"5":{"start":{"line":17,"column":4},"end":{"line":17,"column":37}},"6":{"start":{"line":23,"column":4},"end":{"line":23,"column":78}},"7":{"start":{"line":24,"column":4},"end":{"line":24,"column":21}},"8":{"start":{"line":30,"column":4},"end":{"line":30,"column":80}},"9":{"start":{"line":31,"column":4},"end":{"line":31,"column":22}},"10":{"start":{"line":37,"column":4},"end":{"line":37,"column":92}},"11":{"start":{"line":38,"column":4},"end":{"line":38,"column":28}},"12":{"start":{"line":44,"column":4},"end":{"line":44,"column":88}},"13":{"start":{"line":45,"column":4},"end":{"line":45,"column":26}},"14":{"start":{"line":51,"column":4},"end":{"line":51,"column":72}},"15":{"start":{"line":52,"column":4},"end":{"line":52,"column":18}}},"branchMap":{"1":{"line":23,"type":"if","locations":[{"start":{"line":23,"column":4},"end":{"line":23,"column":4}},{"start":{"line":23,"column":4},"end":{"line":23,"column":4}}]},"2":{"line":30,"type":"if","locations":[{"start":{"line":30,"column":4},"end":{"line":30,"column":4}},{"start":{"line":30,"column":4},"end":{"line":30,"column":4}}]},"3":{"line":37,"type":"if","locations":[{"start":{"line":37,"column":4},"end":{"line":37,"column":4}},{"start":{"line":37,"column":4},"end":{"line":37,"column":4}}]},"4":{"line":44,"type":"if","locations":[{"start":{"line":44,"column":4},"end":{"line":44,"column":4}},{"start":{"line":44,"column":4},"end":{"line":44,"column":4}}]},"5":{"line":51,"type":"if","locations":[{"start":{"line":51,"column":4},"end":{"line":51,"column":4}},{"start":{"line":51,"column":4},"end":{"line":51,"column":4}}]}}},"contracts/RestrictedToLeader.sol":{"l":{"14":63,"19":77,"20":0,"21":0,"23":77,"28":15,"29":0,"30":0,"32":15,"37":0,"42":1},"path":"/home/pieter/mscinf/y1/ri/blockhain-trading-platform/contracts/RestrictedToLeader.sol","s":{"1":63,"2":77,"3":0,"4":0,"5":15,"6":0,"7":0,"8":0,"9":1},"b":{"1":[0,77],"2":[0,0],"3":[0,0],"4":[0,15],"5":[0,0],"6":[0,0]},"f":{"1":63,"2":77,"3":15,"4":0,"5":1},"fnMap":{"1":{"name":"constructor","line":12,"loc":{"start":{"line":12,"column":2},"end":{"line":12,"column":55}}},"2":{"name":"MinerMustBeLeader","line":18,"loc":{"start":{"line":18,"column":2},"end":{"line":18,"column":51}}},"3":{"name":"SenderMustBeLeader","line":27,"loc":{"start":{"line":27,"column":2},"end":{"line":27,"column":52}}},"4":{"name":"getMiner","line":36,"loc":{"start":{"line":36,"column":2},"end":{"line":36,"column":51}}},"5":{"name":"minerRestrictionsEnabled","line":41,"loc":{"start":{"line":41,"column":2},"end":{"line":41,"column":64}}}},"statementMap":{"1":{"start":{"line":14,"column":4},"end":{"line":14,"column":55}},"2":{"start":{"line":19,"column":4},"end":{"line":19,"column":726}},"3":{"start":{"line":20,"column":6},"end":{"line":20,"column":118}},"4":{"start":{"line":21,"column":6},"end":{"line":21,"column":106}},"5":{"start":{"line":28,"column":4},"end":{"line":28,"column":1180}},"6":{"start":{"line":29,"column":6},"end":{"line":29,"column":118}},"7":{"start":{"line":30,"column":6},"end":{"line":30,"column":102}},"8":{"start":{"line":37,"column":4},"end":{"line":37,"column":25}},"9":{"start":{"line":42,"column":4},"end":{"line":42,"column":35}}},"branchMap":{"1":{"line":19,"type":"if","locations":[{"start":{"line":19,"column":4},"end":{"line":19,"column":4}},{"start":{"line":19,"column":4},"end":{"line":19,"column":4}}]},"2":{"line":20,"type":"if","locations":[{"start":{"line":20,"column":6},"end":{"line":20,"column":6}},{"start":{"line":20,"column":6},"end":{"line":20,"column":6}}]},"3":{"line":21,"type":"if","locations":[{"start":{"line":21,"column":6},"end":{"line":21,"column":6}},{"start":{"line":21,"column":6},"end":{"line":21,"column":6}}]},"4":{"line":28,"type":"if","locations":[{"start":{"line":28,"column":4},"end":{"line":28,"column":4}},{"start":{"line":28,"column":4},"end":{"line":28,"column":4}}]},"5":{"line":29,"type":"if","locations":[{"start":{"line":29,"column":6},"end":{"line":29,"column":6}},{"start":{"line":29,"column":6},"end":{"line":29,"column":6}}]},"6":{"line":30,"type":"if","locations":[{"start":{"line":30,"column":6},"end":{"line":30,"column":6}},{"start":{"line":30,"column":6},"end":{"line":30,"column":6}}]}}},"contracts/RestrictedToTrader.sol":{"l":{"11":63,"16":97,"17":97,"19":97,"24":1},"path":"/home/pieter/mscinf/y1/ri/blockhain-trading-platform/contracts/RestrictedToTrader.sol","s":{"1":63,"2":97,"3":97,"4":1},"b":{"1":[97,0],"2":[97,0]},"f":{"1":63,"2":97,"3":1},"fnMap":{"1":{"name":"constructor","line":10,"loc":{"start":{"line":10,"column":2},"end":{"line":10,"column":55}}},"2":{"name":"SenderMustBeTrader","line":15,"loc":{"start":{"line":15,"column":2},"end":{"line":15,"column":46}}},"3":{"name":"senderRestrictionsEnabled","line":23,"loc":{"start":{"line":23,"column":2},"end":{"line":23,"column":65}}}},"statementMap":{"1":{"start":{"line":11,"column":4},"end":{"line":11,"column":55}},"2":{"start":{"line":16,"column":4},"end":{"line":16,"column":596}},"3":{"start":{"line":17,"column":6},"end":{"line":17,"column":98}},"4":{"start":{"line":24,"column":4},"end":{"line":24,"column":35}}},"branchMap":{"1":{"line":16,"type":"if","locations":[{"start":{"line":16,"column":4},"end":{"line":16,"column":4}},{"start":{"line":16,"column":4},"end":{"line":16,"column":4}}]},"2":{"line":17,"type":"if","locations":[{"start":{"line":17,"column":6},"end":{"line":17,"column":6}},{"start":{"line":17,"column":6},"end":{"line":17,"column":6}}]}}},"contracts/TradeAgreements.sol":{"l":{"50":18,"51":18,"52":18,"53":18,"71":8,"86":8,"92":2,"99":5,"100":3,"101":3,"107":4,"108":4,"109":2,"110":2,"111":2,"112":1,"119":1},"path":"/home/pieter/mscinf/y1/ri/blockhain-trading-platform/contracts/TradeAgreements.sol","s":{"1":18,"2":18,"3":18,"4":18,"5":8,"6":8,"7":2,"8":5,"9":3,"10":3,"11":4,"12":4,"13":2,"14":2,"15":2,"16":1,"17":1},"b":{"1":[3,2],"2":[2,2],"3":[1,1]},"f":{"1":18,"2":18,"3":8,"4":2,"5":5,"6":4},"fnMap":{"1":{"name":"constructor","line":46,"loc":{"start":{"line":46,"column":48},"end":{"line":47,"column":5}}},"2":{"name":"initialize","line":49,"loc":{"start":{"line":49,"column":4},"end":{"line":49,"column":48}}},"3":{"name":"create","line":70,"loc":{"start":{"line":70,"column":41},"end":{"line":70,"column":3}}},"4":{"name":"get","line":91,"loc":{"start":{"line":91,"column":64},"end":{"line":91,"column":35}}},"5":{"name":"claimVolume","line":98,"loc":{"start":{"line":98,"column":121},"end":{"line":98,"column":3}}},"6":{"name":"confirmVolume","line":106,"loc":{"start":{"line":106,"column":102},"end":{"line":106,"column":3}}}},"statementMap":{"1":{"start":{"line":50,"column":8},"end":{"line":50,"column":37}},"2":{"start":{"line":51,"column":8},"end":{"line":51,"column":56}},"3":{"start":{"line":52,"column":8},"end":{"line":52,"column":77}},"4":{"start":{"line":53,"column":8},"end":{"line":53,"column":47}},"5":{"start":{"line":71,"column":8},"end":{"line":71,"column":2960}},"6":{"start":{"line":86,"column":8},"end":{"line":86,"column":80}},"7":{"start":{"line":92,"column":8},"end":{"line":92,"column":29}},"8":{"start":{"line":99,"column":8},"end":{"line":99,"column":108}},"9":{"start":{"line":100,"column":8},"end":{"line":100,"column":55}},"10":{"start":{"line":101,"column":8},"end":{"line":101,"column":94}},"11":{"start":{"line":107,"column":8},"end":{"line":107,"column":60}},"12":{"start":{"line":108,"column":8},"end":{"line":108,"column":103}},"13":{"start":{"line":109,"column":8},"end":{"line":109,"column":55}},"14":{"start":{"line":110,"column":8},"end":{"line":110,"column":96}},"15":{"start":{"line":111,"column":8},"end":{"line":111,"column":4907}},"16":{"start":{"line":112,"column":12},"end":{"line":112,"column":4977}},"17":{"start":{"line":119,"column":12},"end":{"line":119,"column":44}}},"branchMap":{"1":{"line":99,"type":"if","locations":[{"start":{"line":99,"column":8},"end":{"line":99,"column":8}},{"start":{"line":99,"column":8},"end":{"line":99,"column":8}}]},"2":{"line":108,"type":"if","locations":[{"start":{"line":108,"column":8},"end":{"line":108,"column":8}},{"start":{"line":108,"column":8},"end":{"line":108,"column":8}}]},"3":{"line":111,"type":"if","locations":[{"start":{"line":111,"column":8},"end":{"line":111,"column":8}},{"start":{"line":111,"column":8},"end":{"line":111,"column":8}}]}}},"contracts/Traders.sol":{"l":{"18":71,"19":69,"20":69,"21":69,"28":100,"35":1,"36":1,"41":0},"path":"/home/pieter/mscinf/y1/ri/blockhain-trading-platform/contracts/Traders.sol","s":{"1":71,"2":69,"3":69,"4":69,"5":100,"6":1,"7":1,"8":0},"b":{"1":[69,2],"2":[1,0]},"f":{"1":71,"2":100,"3":1,"4":0},"fnMap":{"1":{"name":"newTrader","line":17,"loc":{"start":{"line":17,"column":4},"end":{"line":17,"column":48}}},"2":{"name":"accountHasTrader","line":27,"loc":{"start":{"line":27,"column":4},"end":{"line":27,"column":72}}},"3":{"name":"getTraderName","line":34,"loc":{"start":{"line":34,"column":4},"end":{"line":34,"column":78}}},"4":{"name":"getTraders","line":40,"loc":{"start":{"line":40,"column":4},"end":{"line":40,"column":62}}}},"statementMap":{"1":{"start":{"line":18,"column":8},"end":{"line":18,"column":72}},"2":{"start":{"line":19,"column":8},"end":{"line":19,"column":37}},"3":{"start":{"line":20,"column":8},"end":{"line":20,"column":37}},"4":{"start":{"line":21,"column":8},"end":{"line":21,"column":31}},"5":{"start":{"line":28,"column":8},"end":{"line":28,"column":36}},"6":{"start":{"line":35,"column":8},"end":{"line":35,"column":82}},"7":{"start":{"line":36,"column":8},"end":{"line":36,"column":35}},"8":{"start":{"line":41,"column":8},"end":{"line":41,"column":22}}},"branchMap":{"1":{"line":18,"type":"if","locations":[{"start":{"line":18,"column":8},"end":{"line":18,"column":8}},{"start":{"line":18,"column":8},"end":{"line":18,"column":8}}]},"2":{"line":35,"type":"if","locations":[{"start":{"line":35,"column":8},"end":{"line":35,"column":8}},{"start":{"line":35,"column":8},"end":{"line":35,"column":8}}]}}}}